{"/Users/jakobgaardandersen/WebstormProjects/Tipflip/server/db/db.js":{"path":"/Users/jakobgaardandersen/WebstormProjects/Tipflip/server/db/db.js","s":{"1":1,"2":1,"3":1,"4":1,"5":1,"6":1,"7":1,"8":1,"9":1,"10":1,"11":0,"12":0,"13":1,"14":0,"15":1,"16":0,"17":1,"18":0,"19":0,"20":0,"21":1,"22":2,"23":0,"24":1,"25":1,"26":0,"27":0,"28":0,"29":0,"30":0,"31":0,"32":0,"33":0,"34":1,"35":1,"36":1,"37":1,"38":1,"39":1,"40":1,"41":1,"42":1,"43":1,"44":1,"45":1,"46":1,"47":1,"48":0,"49":0,"50":0,"51":0,"52":0,"53":0,"54":0,"55":0,"56":0,"57":1,"58":1,"59":1,"60":1,"61":1,"62":1,"63":1,"64":1,"65":1,"66":1},"b":{"1":[1,0],"2":[0,2]},"f":{"1":1,"2":0,"3":0,"4":0,"5":0,"6":0,"7":2,"8":0,"9":0,"10":1,"11":1,"12":0,"13":0,"14":1},"fnMap":{"1":{"name":"(anonymous_1)","line":14,"loc":{"start":{"line":14,"column":36},"end":{"line":14,"column":48}}},"2":{"name":"(anonymous_2)","line":18,"loc":{"start":{"line":18,"column":32},"end":{"line":18,"column":47}}},"3":{"name":"(anonymous_3)","line":23,"loc":{"start":{"line":23,"column":39},"end":{"line":23,"column":51}}},"4":{"name":"(anonymous_4)","line":27,"loc":{"start":{"line":27,"column":38},"end":{"line":27,"column":50}}},"5":{"name":"(anonymous_5)","line":31,"loc":{"start":{"line":31,"column":21},"end":{"line":31,"column":33}}},"6":{"name":"(anonymous_6)","line":32,"loc":{"start":{"line":32,"column":30},"end":{"line":32,"column":42}}},"7":{"name":"deletePhoto","line":39,"loc":{"start":{"line":39,"column":0},"end":{"line":39,"column":27}}},"8":{"name":"(anonymous_8)","line":52,"loc":{"start":{"line":52,"column":27},"end":{"line":52,"column":49}}},"9":{"name":"(anonymous_9)","line":57,"loc":{"start":{"line":57,"column":14},"end":{"line":57,"column":32}}},"10":{"name":"(anonymous_10)","line":76,"loc":{"start":{"line":76,"column":26},"end":{"line":76,"column":48}}},"11":{"name":"(anonymous_11)","line":81,"loc":{"start":{"line":81,"column":14},"end":{"line":81,"column":32}}},"12":{"name":"(anonymous_12)","line":99,"loc":{"start":{"line":99,"column":29},"end":{"line":99,"column":45}}},"13":{"name":"(anonymous_13)","line":105,"loc":{"start":{"line":105,"column":14},"end":{"line":105,"column":32}}},"14":{"name":"(anonymous_14)","line":128,"loc":{"start":{"line":128,"column":27},"end":{"line":128,"column":43}}}},"statementMap":{"1":{"start":{"line":4,"column":0},"end":{"line":4,"column":35}},"2":{"start":{"line":5,"column":0},"end":{"line":5,"column":23}},"3":{"start":{"line":6,"column":0},"end":{"line":6,"column":27}},"4":{"start":{"line":7,"column":0},"end":{"line":7,"column":29}},"5":{"start":{"line":8,"column":0},"end":{"line":8,"column":60}},"6":{"start":{"line":10,"column":0},"end":{"line":10,"column":82}},"7":{"start":{"line":12,"column":0},"end":{"line":12,"column":58}},"8":{"start":{"line":14,"column":0},"end":{"line":16,"column":3}},"9":{"start":{"line":15,"column":4},"end":{"line":15,"column":57}},"10":{"start":{"line":18,"column":0},"end":{"line":21,"column":3}},"11":{"start":{"line":19,"column":4},"end":{"line":19,"column":55}},"12":{"start":{"line":20,"column":4},"end":{"line":20,"column":26}},"13":{"start":{"line":23,"column":0},"end":{"line":25,"column":3}},"14":{"start":{"line":24,"column":4},"end":{"line":24,"column":41}},"15":{"start":{"line":27,"column":0},"end":{"line":29,"column":3}},"16":{"start":{"line":28,"column":4},"end":{"line":28,"column":40}},"17":{"start":{"line":31,"column":0},"end":{"line":36,"column":3}},"18":{"start":{"line":32,"column":4},"end":{"line":35,"column":7}},"19":{"start":{"line":33,"column":8},"end":{"line":33,"column":69}},"20":{"start":{"line":34,"column":8},"end":{"line":34,"column":24}},"21":{"start":{"line":39,"column":0},"end":{"line":43,"column":1}},"22":{"start":{"line":40,"column":4},"end":{"line":42,"column":5}},"23":{"start":{"line":41,"column":8},"end":{"line":41,"column":28}},"24":{"start":{"line":45,"column":0},"end":{"line":50,"column":3}},"25":{"start":{"line":52,"column":0},"end":{"line":65,"column":3}},"26":{"start":{"line":53,"column":4},"end":{"line":53,"column":72}},"27":{"start":{"line":54,"column":4},"end":{"line":54,"column":40}},"28":{"start":{"line":56,"column":4},"end":{"line":63,"column":11}},"29":{"start":{"line":58,"column":12},"end":{"line":58,"column":36}},"30":{"start":{"line":59,"column":12},"end":{"line":61,"column":13}},"31":{"start":{"line":60,"column":16},"end":{"line":60,"column":35}},"32":{"start":{"line":62,"column":12},"end":{"line":62,"column":19}},"33":{"start":{"line":64,"column":4},"end":{"line":64,"column":11}},"34":{"start":{"line":67,"column":0},"end":{"line":67,"column":50}},"35":{"start":{"line":69,"column":0},"end":{"line":74,"column":3}},"36":{"start":{"line":76,"column":0},"end":{"line":89,"column":3}},"37":{"start":{"line":77,"column":4},"end":{"line":77,"column":72}},"38":{"start":{"line":78,"column":4},"end":{"line":78,"column":40}},"39":{"start":{"line":80,"column":4},"end":{"line":87,"column":11}},"40":{"start":{"line":82,"column":12},"end":{"line":82,"column":36}},"41":{"start":{"line":83,"column":12},"end":{"line":85,"column":13}},"42":{"start":{"line":84,"column":16},"end":{"line":84,"column":35}},"43":{"start":{"line":86,"column":12},"end":{"line":86,"column":19}},"44":{"start":{"line":88,"column":4},"end":{"line":88,"column":11}},"45":{"start":{"line":91,"column":0},"end":{"line":91,"column":47}},"46":{"start":{"line":93,"column":0},"end":{"line":97,"column":3}},"47":{"start":{"line":99,"column":0},"end":{"line":113,"column":3}},"48":{"start":{"line":100,"column":4},"end":{"line":100,"column":72}},"49":{"start":{"line":101,"column":4},"end":{"line":101,"column":40}},"50":{"start":{"line":102,"column":4},"end":{"line":102,"column":44}},"51":{"start":{"line":104,"column":4},"end":{"line":110,"column":11}},"52":{"start":{"line":106,"column":12},"end":{"line":106,"column":36}},"53":{"start":{"line":107,"column":12},"end":{"line":109,"column":13}},"54":{"start":{"line":108,"column":16},"end":{"line":108,"column":35}},"55":{"start":{"line":111,"column":4},"end":{"line":111,"column":85}},"56":{"start":{"line":112,"column":4},"end":{"line":112,"column":11}},"57":{"start":{"line":115,"column":0},"end":{"line":115,"column":57}},"58":{"start":{"line":117,"column":0},"end":{"line":126,"column":3}},"59":{"start":{"line":128,"column":0},"end":{"line":134,"column":3}},"60":{"start":{"line":129,"column":4},"end":{"line":129,"column":72}},"61":{"start":{"line":130,"column":4},"end":{"line":130,"column":44}},"62":{"start":{"line":132,"column":4},"end":{"line":132,"column":77}},"63":{"start":{"line":133,"column":4},"end":{"line":133,"column":11}},"64":{"start":{"line":136,"column":0},"end":{"line":136,"column":48}},"65":{"start":{"line":138,"column":0},"end":{"line":143,"column":3}},"66":{"start":{"line":144,"column":0},"end":{"line":144,"column":53}}},"branchMap":{"1":{"line":10,"type":"cond-expr","locations":[{"start":{"line":10,"column":35},"end":{"line":10,"column":55}},{"start":{"line":10,"column":58},"end":{"line":10,"column":81}}]},"2":{"line":40,"type":"if","locations":[{"start":{"line":40,"column":4},"end":{"line":40,"column":4}},{"start":{"line":40,"column":4},"end":{"line":40,"column":4}}]}}},"/Users/jakobgaardandersen/WebstormProjects/Tipflip/server/db/datalayer.js":{"path":"/Users/jakobgaardandersen/WebstormProjects/Tipflip/server/db/datalayer.js","s":{"1":1,"2":1,"3":1,"4":1,"5":1,"6":1,"7":1,"8":1,"9":8,"10":8,"11":8,"12":8,"13":6,"14":2,"15":8,"16":1,"17":6,"18":1,"19":4,"20":1,"21":0,"22":0,"23":0,"24":0,"25":0,"26":0,"27":0,"28":0,"29":0,"30":0,"31":1,"32":0,"33":1,"34":11,"35":11,"36":11,"37":11,"38":5,"39":6,"40":11,"41":1,"42":3,"43":1,"44":3,"45":1,"46":0,"47":0,"48":0,"49":0,"50":0,"51":0,"52":0,"53":0,"54":0,"55":0,"56":1,"57":0,"58":1,"59":0,"60":0,"61":1,"62":7,"63":7,"64":7,"65":7,"66":5,"67":2,"68":7,"69":1,"70":6,"71":1,"72":4,"73":1,"74":1,"75":1,"76":1,"77":1,"78":0,"79":1,"80":0,"81":1,"82":1,"83":0,"84":1,"85":1,"86":1,"87":1,"88":1,"89":0,"90":1,"91":1,"92":1,"93":3,"94":1,"95":3,"96":1,"97":0,"98":0,"99":0,"100":0,"101":0,"102":0,"103":0,"104":0,"105":1,"106":0,"107":0,"108":0,"109":0,"110":0,"111":0,"112":0,"113":0,"114":0,"115":0,"116":0,"117":0,"118":1},"b":{"1":[7,1],"2":[6,2],"3":[0,0],"4":[0,0],"5":[10,1],"6":[5,6],"7":[0,0],"8":[0,0],"9":[6,1],"10":[5,2],"11":[0,1],"12":[0,1],"13":[0,0],"14":[0,0,0,0,0]},"f":{"1":8,"2":8,"3":6,"4":4,"5":0,"6":0,"7":0,"8":0,"9":0,"10":11,"11":11,"12":3,"13":3,"14":0,"15":0,"16":0,"17":0,"18":0,"19":0,"20":0,"21":7,"22":7,"23":6,"24":4,"25":1,"26":1,"27":1,"28":0,"29":0,"30":1,"31":1,"32":3,"33":3,"34":0,"35":0,"36":0,"37":0,"38":0},"fnMap":{"1":{"name":"createCategory","line":16,"loc":{"start":{"line":16,"column":0},"end":{"line":16,"column":54}}},"2":{"name":"(anonymous_2)","line":25,"loc":{"start":{"line":25,"column":13},"end":{"line":25,"column":38}}},"3":{"name":"getCategories","line":39,"loc":{"start":{"line":39,"column":0},"end":{"line":39,"column":25}}},"4":{"name":"getCategory","line":46,"loc":{"start":{"line":46,"column":0},"end":{"line":46,"column":25}}},"5":{"name":"deleteCategory","line":55,"loc":{"start":{"line":55,"column":0},"end":{"line":55,"column":28}}},"6":{"name":"(anonymous_6)","line":59,"loc":{"start":{"line":59,"column":14},"end":{"line":59,"column":34}}},"7":{"name":"(anonymous_7)","line":61,"loc":{"start":{"line":61,"column":32},"end":{"line":61,"column":47}}},"8":{"name":"(anonymous_8)","line":71,"loc":{"start":{"line":71,"column":11},"end":{"line":71,"column":28}}},"9":{"name":"getCategoryOffers","line":81,"loc":{"start":{"line":81,"column":0},"end":{"line":81,"column":31}}},"10":{"name":"createCenter","line":89,"loc":{"start":{"line":89,"column":0},"end":{"line":89,"column":62}}},"11":{"name":"(anonymous_11)","line":99,"loc":{"start":{"line":99,"column":11},"end":{"line":99,"column":34}}},"12":{"name":"getCenters","line":113,"loc":{"start":{"line":113,"column":0},"end":{"line":113,"column":22}}},"13":{"name":"getCenter","line":120,"loc":{"start":{"line":120,"column":0},"end":{"line":120,"column":23}}},"14":{"name":"deleteCenter","line":128,"loc":{"start":{"line":128,"column":0},"end":{"line":128,"column":26}}},"15":{"name":"(anonymous_15)","line":132,"loc":{"start":{"line":132,"column":14},"end":{"line":132,"column":32}}},"16":{"name":"(anonymous_16)","line":134,"loc":{"start":{"line":134,"column":30},"end":{"line":134,"column":45}}},"17":{"name":"(anonymous_17)","line":144,"loc":{"start":{"line":144,"column":11},"end":{"line":144,"column":28}}},"18":{"name":"getCenterStores","line":154,"loc":{"start":{"line":154,"column":0},"end":{"line":154,"column":29}}},"19":{"name":"getCenterOffers","line":161,"loc":{"start":{"line":161,"column":0},"end":{"line":161,"column":29}}},"20":{"name":"(anonymous_20)","line":163,"loc":{"start":{"line":163,"column":14},"end":{"line":163,"column":32}}},"21":{"name":"createStore","line":172,"loc":{"start":{"line":172,"column":0},"end":{"line":172,"column":60}}},"22":{"name":"(anonymous_22)","line":182,"loc":{"start":{"line":182,"column":11},"end":{"line":182,"column":33}}},"23":{"name":"getStores","line":196,"loc":{"start":{"line":196,"column":0},"end":{"line":196,"column":21}}},"24":{"name":"getStore","line":203,"loc":{"start":{"line":203,"column":0},"end":{"line":203,"column":22}}},"25":{"name":"deleteStore","line":211,"loc":{"start":{"line":211,"column":0},"end":{"line":211,"column":25}}},"26":{"name":"(anonymous_26)","line":215,"loc":{"start":{"line":215,"column":14},"end":{"line":215,"column":31}}},"27":{"name":"(anonymous_27)","line":216,"loc":{"start":{"line":216,"column":25},"end":{"line":216,"column":40}}},"28":{"name":"(anonymous_28)","line":223,"loc":{"start":{"line":223,"column":11},"end":{"line":223,"column":28}}},"29":{"name":"getStoreOffers","line":233,"loc":{"start":{"line":233,"column":0},"end":{"line":233,"column":28}}},"30":{"name":"createOffer","line":241,"loc":{"start":{"line":241,"column":0},"end":{"line":241,"column":108}}},"31":{"name":"(anonymous_31)","line":255,"loc":{"start":{"line":255,"column":15},"end":{"line":255,"column":33}}},"32":{"name":"getOffers","line":269,"loc":{"start":{"line":269,"column":0},"end":{"line":269,"column":21}}},"33":{"name":"getOffer","line":276,"loc":{"start":{"line":276,"column":0},"end":{"line":276,"column":22}}},"34":{"name":"deleteOffer","line":284,"loc":{"start":{"line":284,"column":0},"end":{"line":284,"column":25}}},"35":{"name":"(anonymous_35)","line":288,"loc":{"start":{"line":288,"column":14},"end":{"line":288,"column":31}}},"36":{"name":"(anonymous_36)","line":289,"loc":{"start":{"line":289,"column":25},"end":{"line":289,"column":40}}},"37":{"name":"(anonymous_37)","line":296,"loc":{"start":{"line":296,"column":11},"end":{"line":296,"column":28}}},"38":{"name":"getCount","line":306,"loc":{"start":{"line":306,"column":0},"end":{"line":306,"column":25}}}},"statementMap":{"1":{"start":{"line":4,"column":0},"end":{"line":4,"column":35}},"2":{"start":{"line":5,"column":0},"end":{"line":5,"column":42}},"3":{"start":{"line":6,"column":0},"end":{"line":6,"column":38}},"4":{"start":{"line":7,"column":0},"end":{"line":7,"column":36}},"5":{"start":{"line":8,"column":0},"end":{"line":8,"column":36}},"6":{"start":{"line":9,"column":0},"end":{"line":9,"column":21}},"7":{"start":{"line":10,"column":0},"end":{"line":10,"column":17}},"8":{"start":{"line":16,"column":0},"end":{"line":34,"column":1}},"9":{"start":{"line":17,"column":4},"end":{"line":17,"column":29}},"10":{"start":{"line":19,"column":4},"end":{"line":23,"column":7}},"11":{"start":{"line":25,"column":4},"end":{"line":31,"column":7}},"12":{"start":{"line":26,"column":8},"end":{"line":30,"column":9}},"13":{"start":{"line":27,"column":12},"end":{"line":27,"column":33}},"14":{"start":{"line":29,"column":12},"end":{"line":29,"column":39}},"15":{"start":{"line":33,"column":4},"end":{"line":33,"column":28}},"16":{"start":{"line":39,"column":0},"end":{"line":41,"column":1}},"17":{"start":{"line":40,"column":4},"end":{"line":40,"column":36}},"18":{"start":{"line":46,"column":0},"end":{"line":48,"column":1}},"19":{"start":{"line":47,"column":4},"end":{"line":47,"column":40}},"20":{"start":{"line":55,"column":0},"end":{"line":76,"column":1}},"21":{"start":{"line":56,"column":4},"end":{"line":56,"column":29}},"22":{"start":{"line":58,"column":4},"end":{"line":73,"column":11}},"23":{"start":{"line":60,"column":12},"end":{"line":70,"column":13}},"24":{"start":{"line":61,"column":16},"end":{"line":67,"column":19}},"25":{"start":{"line":62,"column":20},"end":{"line":66,"column":21}},"26":{"start":{"line":63,"column":24},"end":{"line":63,"column":45}},"27":{"start":{"line":65,"column":24},"end":{"line":65,"column":43}},"28":{"start":{"line":69,"column":16},"end":{"line":69,"column":34}},"29":{"start":{"line":72,"column":12},"end":{"line":72,"column":35}},"30":{"start":{"line":75,"column":4},"end":{"line":75,"column":28}},"31":{"start":{"line":81,"column":0},"end":{"line":83,"column":1}},"32":{"start":{"line":82,"column":4},"end":{"line":82,"column":46}},"33":{"start":{"line":89,"column":0},"end":{"line":108,"column":1}},"34":{"start":{"line":90,"column":4},"end":{"line":90,"column":29}},"35":{"start":{"line":92,"column":4},"end":{"line":97,"column":7}},"36":{"start":{"line":99,"column":4},"end":{"line":105,"column":7}},"37":{"start":{"line":100,"column":8},"end":{"line":104,"column":9}},"38":{"start":{"line":101,"column":12},"end":{"line":101,"column":33}},"39":{"start":{"line":103,"column":12},"end":{"line":103,"column":37}},"40":{"start":{"line":107,"column":4},"end":{"line":107,"column":28}},"41":{"start":{"line":113,"column":0},"end":{"line":115,"column":1}},"42":{"start":{"line":114,"column":4},"end":{"line":114,"column":34}},"43":{"start":{"line":120,"column":0},"end":{"line":122,"column":1}},"44":{"start":{"line":121,"column":4},"end":{"line":121,"column":38}},"45":{"start":{"line":128,"column":0},"end":{"line":149,"column":1}},"46":{"start":{"line":129,"column":4},"end":{"line":129,"column":29}},"47":{"start":{"line":131,"column":4},"end":{"line":146,"column":11}},"48":{"start":{"line":133,"column":12},"end":{"line":143,"column":13}},"49":{"start":{"line":134,"column":16},"end":{"line":140,"column":19}},"50":{"start":{"line":135,"column":20},"end":{"line":139,"column":21}},"51":{"start":{"line":136,"column":24},"end":{"line":136,"column":45}},"52":{"start":{"line":138,"column":24},"end":{"line":138,"column":43}},"53":{"start":{"line":142,"column":16},"end":{"line":142,"column":34}},"54":{"start":{"line":145,"column":12},"end":{"line":145,"column":35}},"55":{"start":{"line":148,"column":4},"end":{"line":148,"column":28}},"56":{"start":{"line":154,"column":0},"end":{"line":156,"column":1}},"57":{"start":{"line":155,"column":4},"end":{"line":155,"column":44}},"58":{"start":{"line":161,"column":0},"end":{"line":166,"column":1}},"59":{"start":{"line":162,"column":4},"end":{"line":165,"column":11}},"60":{"start":{"line":164,"column":12},"end":{"line":164,"column":62}},"61":{"start":{"line":172,"column":0},"end":{"line":191,"column":1}},"62":{"start":{"line":173,"column":4},"end":{"line":173,"column":29}},"63":{"start":{"line":175,"column":4},"end":{"line":180,"column":7}},"64":{"start":{"line":182,"column":4},"end":{"line":188,"column":7}},"65":{"start":{"line":183,"column":8},"end":{"line":187,"column":9}},"66":{"start":{"line":184,"column":12},"end":{"line":184,"column":33}},"67":{"start":{"line":186,"column":12},"end":{"line":186,"column":36}},"68":{"start":{"line":190,"column":4},"end":{"line":190,"column":28}},"69":{"start":{"line":196,"column":0},"end":{"line":198,"column":1}},"70":{"start":{"line":197,"column":4},"end":{"line":197,"column":61}},"71":{"start":{"line":203,"column":0},"end":{"line":205,"column":1}},"72":{"start":{"line":204,"column":4},"end":{"line":204,"column":65}},"73":{"start":{"line":211,"column":0},"end":{"line":228,"column":1}},"74":{"start":{"line":212,"column":4},"end":{"line":212,"column":29}},"75":{"start":{"line":214,"column":4},"end":{"line":225,"column":11}},"76":{"start":{"line":216,"column":12},"end":{"line":222,"column":15}},"77":{"start":{"line":217,"column":16},"end":{"line":221,"column":17}},"78":{"start":{"line":218,"column":20},"end":{"line":218,"column":41}},"79":{"start":{"line":220,"column":20},"end":{"line":220,"column":39}},"80":{"start":{"line":224,"column":12},"end":{"line":224,"column":35}},"81":{"start":{"line":227,"column":4},"end":{"line":227,"column":28}},"82":{"start":{"line":233,"column":0},"end":{"line":235,"column":1}},"83":{"start":{"line":234,"column":4},"end":{"line":234,"column":43}},"84":{"start":{"line":241,"column":0},"end":{"line":264,"column":1}},"85":{"start":{"line":242,"column":4},"end":{"line":242,"column":29}},"86":{"start":{"line":244,"column":4},"end":{"line":253,"column":7}},"87":{"start":{"line":255,"column":4},"end":{"line":261,"column":7}},"88":{"start":{"line":256,"column":8},"end":{"line":260,"column":9}},"89":{"start":{"line":257,"column":12},"end":{"line":257,"column":33}},"90":{"start":{"line":259,"column":12},"end":{"line":259,"column":32}},"91":{"start":{"line":263,"column":4},"end":{"line":263,"column":28}},"92":{"start":{"line":269,"column":0},"end":{"line":271,"column":1}},"93":{"start":{"line":270,"column":4},"end":{"line":270,"column":90}},"94":{"start":{"line":276,"column":0},"end":{"line":278,"column":1}},"95":{"start":{"line":277,"column":4},"end":{"line":277,"column":94}},"96":{"start":{"line":284,"column":0},"end":{"line":301,"column":1}},"97":{"start":{"line":285,"column":4},"end":{"line":285,"column":29}},"98":{"start":{"line":287,"column":4},"end":{"line":298,"column":11}},"99":{"start":{"line":289,"column":12},"end":{"line":295,"column":15}},"100":{"start":{"line":290,"column":16},"end":{"line":294,"column":17}},"101":{"start":{"line":291,"column":20},"end":{"line":291,"column":41}},"102":{"start":{"line":293,"column":20},"end":{"line":293,"column":39}},"103":{"start":{"line":297,"column":12},"end":{"line":297,"column":35}},"104":{"start":{"line":300,"column":4},"end":{"line":300,"column":28}},"105":{"start":{"line":306,"column":0},"end":{"line":325,"column":1}},"106":{"start":{"line":307,"column":4},"end":{"line":324,"column":5}},"107":{"start":{"line":309,"column":12},"end":{"line":309,"column":45}},"108":{"start":{"line":310,"column":12},"end":{"line":310,"column":18}},"109":{"start":{"line":312,"column":12},"end":{"line":312,"column":43}},"110":{"start":{"line":313,"column":12},"end":{"line":313,"column":18}},"111":{"start":{"line":315,"column":12},"end":{"line":315,"column":42}},"112":{"start":{"line":316,"column":12},"end":{"line":316,"column":18}},"113":{"start":{"line":318,"column":12},"end":{"line":318,"column":42}},"114":{"start":{"line":319,"column":12},"end":{"line":319,"column":18}},"115":{"start":{"line":321,"column":12},"end":{"line":321,"column":37}},"116":{"start":{"line":322,"column":12},"end":{"line":322,"column":57}},"117":{"start":{"line":323,"column":12},"end":{"line":323,"column":36}},"118":{"start":{"line":327,"column":0},"end":{"line":353,"column":2}}},"branchMap":{"1":{"line":20,"type":"cond-expr","locations":[{"start":{"line":20,"column":21},"end":{"line":20,"column":49}},{"start":{"line":20,"column":52},"end":{"line":20,"column":56}}]},"2":{"line":26,"type":"if","locations":[{"start":{"line":26,"column":8},"end":{"line":26,"column":8}},{"start":{"line":26,"column":8},"end":{"line":26,"column":8}}]},"3":{"line":60,"type":"if","locations":[{"start":{"line":60,"column":12},"end":{"line":60,"column":12}},{"start":{"line":60,"column":12},"end":{"line":60,"column":12}}]},"4":{"line":62,"type":"if","locations":[{"start":{"line":62,"column":20},"end":{"line":62,"column":20}},{"start":{"line":62,"column":20},"end":{"line":62,"column":20}}]},"5":{"line":93,"type":"cond-expr","locations":[{"start":{"line":93,"column":21},"end":{"line":93,"column":49}},{"start":{"line":93,"column":52},"end":{"line":93,"column":56}}]},"6":{"line":100,"type":"if","locations":[{"start":{"line":100,"column":8},"end":{"line":100,"column":8}},{"start":{"line":100,"column":8},"end":{"line":100,"column":8}}]},"7":{"line":133,"type":"if","locations":[{"start":{"line":133,"column":12},"end":{"line":133,"column":12}},{"start":{"line":133,"column":12},"end":{"line":133,"column":12}}]},"8":{"line":135,"type":"if","locations":[{"start":{"line":135,"column":20},"end":{"line":135,"column":20}},{"start":{"line":135,"column":20},"end":{"line":135,"column":20}}]},"9":{"line":176,"type":"cond-expr","locations":[{"start":{"line":176,"column":21},"end":{"line":176,"column":49}},{"start":{"line":176,"column":52},"end":{"line":176,"column":56}}]},"10":{"line":183,"type":"if","locations":[{"start":{"line":183,"column":8},"end":{"line":183,"column":8}},{"start":{"line":183,"column":8},"end":{"line":183,"column":8}}]},"11":{"line":217,"type":"if","locations":[{"start":{"line":217,"column":16},"end":{"line":217,"column":16}},{"start":{"line":217,"column":16},"end":{"line":217,"column":16}}]},"12":{"line":256,"type":"if","locations":[{"start":{"line":256,"column":8},"end":{"line":256,"column":8}},{"start":{"line":256,"column":8},"end":{"line":256,"column":8}}]},"13":{"line":290,"type":"if","locations":[{"start":{"line":290,"column":16},"end":{"line":290,"column":16}},{"start":{"line":290,"column":16},"end":{"line":290,"column":16}}]},"14":{"line":307,"type":"switch","locations":[{"start":{"line":308,"column":8},"end":{"line":310,"column":18}},{"start":{"line":311,"column":8},"end":{"line":313,"column":18}},{"start":{"line":314,"column":8},"end":{"line":316,"column":18}},{"start":{"line":317,"column":8},"end":{"line":319,"column":18}},{"start":{"line":320,"column":8},"end":{"line":323,"column":36}}]}}},"/Users/jakobgaardandersen/WebstormProjects/Tipflip/server/app.js":{"path":"/Users/jakobgaardandersen/WebstormProjects/Tipflip/server/app.js","s":{"1":1,"2":1,"3":1,"4":1,"5":1,"6":1,"7":1,"8":1,"9":1,"10":1,"11":1,"12":1,"13":1,"14":1,"15":1,"16":1,"17":1,"18":1,"19":1,"20":1,"21":1,"22":1,"23":1,"24":1,"25":0,"26":0,"27":0,"28":1,"29":1,"30":0,"31":0,"32":0,"33":1,"34":1,"35":0,"36":0,"37":1,"38":0,"39":0,"40":1},"b":{"1":[0,1],"2":[1,0],"3":[0,0],"4":[0,0]},"f":{"1":0,"2":0,"3":0,"4":0},"fnMap":{"1":{"name":"(anonymous_1)","line":43,"loc":{"start":{"line":43,"column":12},"end":{"line":43,"column":38}}},"2":{"name":"(anonymous_2)","line":51,"loc":{"start":{"line":51,"column":8},"end":{"line":51,"column":34}}},"3":{"name":"(anonymous_3)","line":62,"loc":{"start":{"line":62,"column":12},"end":{"line":62,"column":43}}},"4":{"name":"(anonymous_4)","line":73,"loc":{"start":{"line":73,"column":8},"end":{"line":73,"column":39}}}},"statementMap":{"1":{"start":{"line":1,"column":0},"end":{"line":1,"column":33}},"2":{"start":{"line":2,"column":0},"end":{"line":2,"column":27}},"3":{"start":{"line":3,"column":0},"end":{"line":3,"column":39}},"4":{"start":{"line":4,"column":0},"end":{"line":4,"column":31}},"5":{"start":{"line":5,"column":0},"end":{"line":5,"column":44}},"6":{"start":{"line":6,"column":0},"end":{"line":6,"column":40}},"7":{"start":{"line":7,"column":0},"end":{"line":7,"column":28}},"8":{"start":{"line":8,"column":0},"end":{"line":8,"column":31}},"9":{"start":{"line":11,"column":0},"end":{"line":11,"column":38}},"10":{"start":{"line":12,"column":0},"end":{"line":12,"column":42}},"11":{"start":{"line":14,"column":0},"end":{"line":14,"column":20}},"12":{"start":{"line":18,"column":0},"end":{"line":18,"column":48}},"13":{"start":{"line":19,"column":0},"end":{"line":19,"column":31}},"14":{"start":{"line":20,"column":0},"end":{"line":20,"column":25}},"15":{"start":{"line":29,"column":0},"end":{"line":32,"column":5}},"16":{"start":{"line":33,"column":0},"end":{"line":33,"column":23}},"17":{"start":{"line":34,"column":0},"end":{"line":34,"column":27}},"18":{"start":{"line":35,"column":0},"end":{"line":35,"column":68}},"19":{"start":{"line":36,"column":0},"end":{"line":36,"column":24}},"20":{"start":{"line":37,"column":0},"end":{"line":37,"column":58}},"21":{"start":{"line":38,"column":0},"end":{"line":38,"column":59}},"22":{"start":{"line":39,"column":0},"end":{"line":39,"column":63}},"23":{"start":{"line":41,"column":0},"end":{"line":41,"column":20}},"24":{"start":{"line":42,"column":0},"end":{"line":47,"column":1}},"25":{"start":{"line":43,"column":4},"end":{"line":46,"column":7}},"26":{"start":{"line":44,"column":8},"end":{"line":44,"column":39}},"27":{"start":{"line":45,"column":8},"end":{"line":45,"column":15}},"28":{"start":{"line":48,"column":0},"end":{"line":48,"column":25}},"29":{"start":{"line":51,"column":0},"end":{"line":55,"column":3}},"30":{"start":{"line":52,"column":4},"end":{"line":52,"column":37}},"31":{"start":{"line":53,"column":4},"end":{"line":53,"column":21}},"32":{"start":{"line":54,"column":4},"end":{"line":54,"column":14}},"33":{"start":{"line":61,"column":0},"end":{"line":69,"column":1}},"34":{"start":{"line":62,"column":4},"end":{"line":68,"column":7}},"35":{"start":{"line":63,"column":8},"end":{"line":63,"column":38}},"36":{"start":{"line":64,"column":8},"end":{"line":67,"column":11}},"37":{"start":{"line":73,"column":0},"end":{"line":79,"column":3}},"38":{"start":{"line":74,"column":4},"end":{"line":74,"column":34}},"39":{"start":{"line":75,"column":4},"end":{"line":78,"column":7}},"40":{"start":{"line":82,"column":0},"end":{"line":82,"column":21}}},"branchMap":{"1":{"line":42,"type":"if","locations":[{"start":{"line":42,"column":0},"end":{"line":42,"column":0}},{"start":{"line":42,"column":0},"end":{"line":42,"column":0}}]},"2":{"line":61,"type":"if","locations":[{"start":{"line":61,"column":0},"end":{"line":61,"column":0}},{"start":{"line":61,"column":0},"end":{"line":61,"column":0}}]},"3":{"line":63,"type":"binary-expr","locations":[{"start":{"line":63,"column":19},"end":{"line":63,"column":29}},{"start":{"line":63,"column":33},"end":{"line":63,"column":36}}]},"4":{"line":74,"type":"binary-expr","locations":[{"start":{"line":74,"column":15},"end":{"line":74,"column":25}},{"start":{"line":74,"column":29},"end":{"line":74,"column":32}}]}}},"/Users/jakobgaardandersen/WebstormProjects/Tipflip/server/routes/index.js":{"path":"/Users/jakobgaardandersen/WebstormProjects/Tipflip/server/routes/index.js","s":{"1":1,"2":1,"3":1,"4":0,"5":1},"b":{},"f":{"1":0},"fnMap":{"1":{"name":"(anonymous_1)","line":5,"loc":{"start":{"line":5,"column":16},"end":{"line":5,"column":36}}}},"statementMap":{"1":{"start":{"line":1,"column":0},"end":{"line":1,"column":33}},"2":{"start":{"line":2,"column":0},"end":{"line":2,"column":30}},"3":{"start":{"line":5,"column":0},"end":{"line":7,"column":3}},"4":{"start":{"line":6,"column":4},"end":{"line":6,"column":35}},"5":{"start":{"line":9,"column":0},"end":{"line":9,"column":24}}},"branchMap":{}},"/Users/jakobgaardandersen/WebstormProjects/Tipflip/server/routes/restapi.js":{"path":"/Users/jakobgaardandersen/WebstormProjects/Tipflip/server/routes/restapi.js","s":{"1":1,"2":1,"3":1,"4":1,"5":1,"6":1,"7":5,"8":2,"9":1,"10":2,"11":3,"12":3,"13":3,"14":3,"15":1,"16":1,"17":1,"18":1,"19":2,"20":2,"21":2,"22":0,"23":1,"24":3,"25":3,"26":1,"27":2,"28":0,"29":1,"30":1,"31":1,"32":1,"33":0,"34":0,"35":0,"36":0,"37":1,"38":0,"39":0,"40":0,"41":0,"42":0,"43":0,"44":0,"45":1,"46":0,"47":0,"48":0,"49":0,"50":0,"51":0,"52":0,"53":0,"54":0,"55":0,"56":0,"57":0,"58":0,"59":0,"60":0,"61":1,"62":1,"63":1,"64":0,"65":1,"66":0,"67":1,"68":0,"69":0,"70":0,"71":0,"72":0,"73":0,"74":0,"75":1,"76":0,"77":0,"78":0,"79":0,"80":0,"81":0,"82":0,"83":1,"84":0,"85":0,"86":0,"87":0,"88":0,"89":0,"90":0,"91":1,"92":0,"93":0,"94":0,"95":0,"96":0,"97":0,"98":0,"99":0,"100":0,"101":0,"102":0,"103":0,"104":0,"105":0,"106":0,"107":0,"108":0,"109":0,"110":1,"111":1,"112":1,"113":0,"114":1,"115":0,"116":1,"117":0,"118":0,"119":0,"120":0,"121":0,"122":0,"123":0,"124":1,"125":0,"126":0,"127":0,"128":0,"129":0,"130":0,"131":0,"132":1,"133":0,"134":0,"135":0,"136":0,"137":0,"138":0,"139":0,"140":0,"141":0,"142":0,"143":0,"144":0,"145":0,"146":0,"147":0,"148":0,"149":0,"150":0,"151":0,"152":1,"153":1,"154":1,"155":0,"156":1,"157":0,"158":1,"159":0,"160":0,"161":0,"162":0,"163":0,"164":0,"165":0,"166":1,"167":0,"168":0,"169":0,"170":0,"171":0,"172":1},"b":{"1":[2,3],"2":[5,4],"3":[1,1],"4":[1,0],"5":[2,0],"6":[1,2],"7":[1,0],"8":[0,0],"9":[0,0],"10":[0,0],"11":[0,0],"12":[0,0,0],"13":[0,0],"14":[0,0],"15":[0,1],"16":[0,0],"17":[0,0],"18":[0,0],"19":[0,0],"20":[0,0],"21":[0,0],"22":[0,0],"23":[0,0,0],"24":[0,0],"25":[0,0],"26":[0,0],"27":[0,1],"28":[0,0],"29":[0,0],"30":[0,0],"31":[0,0],"32":[0,0],"33":[0,0,0,0,0,0],"34":[0,0],"35":[0,0],"36":[0,0],"37":[0,0],"38":[0,1],"39":[0,0],"40":[0,0],"41":[0,0]},"f":{"1":5,"2":1,"3":2,"4":3,"5":3,"6":0,"7":1,"8":1,"9":0,"10":0,"11":0,"12":0,"13":0,"14":0,"15":0,"16":1,"17":1,"18":0,"19":0,"20":0,"21":0,"22":0,"23":0,"24":0,"25":0,"26":0,"27":0,"28":0,"29":0,"30":0,"31":1,"32":1,"33":0,"34":0,"35":0,"36":0,"37":0,"38":0,"39":0,"40":0,"41":0,"42":0,"43":1,"44":1,"45":0,"46":0,"47":0,"48":0,"49":0,"50":0,"51":0},"fnMap":{"1":{"name":"(anonymous_1)","line":18,"loc":{"start":{"line":18,"column":43},"end":{"line":18,"column":63}}},"2":{"name":"(anonymous_2)","line":30,"loc":{"start":{"line":30,"column":18},"end":{"line":30,"column":38}}},"3":{"name":"(anonymous_3)","line":38,"loc":{"start":{"line":38,"column":15},"end":{"line":38,"column":32}}},"4":{"name":"(anonymous_4)","line":57,"loc":{"start":{"line":57,"column":26},"end":{"line":57,"column":46}}},"5":{"name":"(anonymous_5)","line":59,"loc":{"start":{"line":59,"column":14},"end":{"line":59,"column":36}}},"6":{"name":"(anonymous_6)","line":65,"loc":{"start":{"line":65,"column":11},"end":{"line":65,"column":28}}},"7":{"name":"(anonymous_7)","line":77,"loc":{"start":{"line":77,"column":30},"end":{"line":77,"column":50}}},"8":{"name":"(anonymous_8)","line":79,"loc":{"start":{"line":79,"column":14},"end":{"line":79,"column":34}}},"9":{"name":"(anonymous_9)","line":85,"loc":{"start":{"line":85,"column":11},"end":{"line":85,"column":28}}},"10":{"name":"(anonymous_10)","line":103,"loc":{"start":{"line":103,"column":37},"end":{"line":103,"column":57}}},"11":{"name":"(anonymous_11)","line":105,"loc":{"start":{"line":105,"column":14},"end":{"line":105,"column":32}}},"12":{"name":"(anonymous_12)","line":111,"loc":{"start":{"line":111,"column":11},"end":{"line":111,"column":28}}},"13":{"name":"(anonymous_13)","line":127,"loc":{"start":{"line":127,"column":40},"end":{"line":127,"column":60}}},"14":{"name":"(anonymous_14)","line":140,"loc":{"start":{"line":140,"column":18},"end":{"line":140,"column":36}}},"15":{"name":"(anonymous_15)","line":144,"loc":{"start":{"line":144,"column":15},"end":{"line":144,"column":32}}},"16":{"name":"(anonymous_16)","line":163,"loc":{"start":{"line":163,"column":23},"end":{"line":163,"column":43}}},"17":{"name":"(anonymous_17)","line":165,"loc":{"start":{"line":165,"column":14},"end":{"line":165,"column":33}}},"18":{"name":"(anonymous_18)","line":171,"loc":{"start":{"line":171,"column":11},"end":{"line":171,"column":28}}},"19":{"name":"(anonymous_19)","line":183,"loc":{"start":{"line":183,"column":27},"end":{"line":183,"column":47}}},"20":{"name":"(anonymous_20)","line":185,"loc":{"start":{"line":185,"column":14},"end":{"line":185,"column":32}}},"21":{"name":"(anonymous_21)","line":191,"loc":{"start":{"line":191,"column":11},"end":{"line":191,"column":28}}},"22":{"name":"(anonymous_22)","line":217,"loc":{"start":{"line":217,"column":34},"end":{"line":217,"column":54}}},"23":{"name":"(anonymous_23)","line":219,"loc":{"start":{"line":219,"column":14},"end":{"line":219,"column":32}}},"24":{"name":"(anonymous_24)","line":225,"loc":{"start":{"line":225,"column":11},"end":{"line":225,"column":28}}},"25":{"name":"(anonymous_25)","line":243,"loc":{"start":{"line":243,"column":34},"end":{"line":243,"column":54}}},"26":{"name":"(anonymous_26)","line":245,"loc":{"start":{"line":245,"column":14},"end":{"line":245,"column":32}}},"27":{"name":"(anonymous_27)","line":251,"loc":{"start":{"line":251,"column":11},"end":{"line":251,"column":28}}},"28":{"name":"(anonymous_28)","line":268,"loc":{"start":{"line":268,"column":39},"end":{"line":268,"column":59}}},"29":{"name":"(anonymous_29)","line":281,"loc":{"start":{"line":281,"column":18},"end":{"line":281,"column":35}}},"30":{"name":"(anonymous_30)","line":285,"loc":{"start":{"line":285,"column":15},"end":{"line":285,"column":32}}},"31":{"name":"(anonymous_31)","line":307,"loc":{"start":{"line":307,"column":22},"end":{"line":307,"column":42}}},"32":{"name":"(anonymous_32)","line":309,"loc":{"start":{"line":309,"column":14},"end":{"line":309,"column":32}}},"33":{"name":"(anonymous_33)","line":315,"loc":{"start":{"line":315,"column":11},"end":{"line":315,"column":28}}},"34":{"name":"(anonymous_34)","line":327,"loc":{"start":{"line":327,"column":26},"end":{"line":327,"column":46}}},"35":{"name":"(anonymous_35)","line":329,"loc":{"start":{"line":329,"column":14},"end":{"line":329,"column":31}}},"36":{"name":"(anonymous_36)","line":335,"loc":{"start":{"line":335,"column":11},"end":{"line":335,"column":28}}},"37":{"name":"(anonymous_37)","line":351,"loc":{"start":{"line":351,"column":33},"end":{"line":351,"column":53}}},"38":{"name":"(anonymous_38)","line":353,"loc":{"start":{"line":353,"column":14},"end":{"line":353,"column":32}}},"39":{"name":"(anonymous_39)","line":359,"loc":{"start":{"line":359,"column":11},"end":{"line":359,"column":28}}},"40":{"name":"(anonymous_40)","line":376,"loc":{"start":{"line":376,"column":39},"end":{"line":376,"column":59}}},"41":{"name":"(anonymous_41)","line":393,"loc":{"start":{"line":393,"column":18},"end":{"line":393,"column":35}}},"42":{"name":"(anonymous_42)","line":396,"loc":{"start":{"line":396,"column":15},"end":{"line":396,"column":32}}},"43":{"name":"(anonymous_43)","line":417,"loc":{"start":{"line":417,"column":22},"end":{"line":417,"column":42}}},"44":{"name":"(anonymous_44)","line":419,"loc":{"start":{"line":419,"column":14},"end":{"line":419,"column":32}}},"45":{"name":"(anonymous_45)","line":425,"loc":{"start":{"line":425,"column":11},"end":{"line":425,"column":28}}},"46":{"name":"(anonymous_46)","line":437,"loc":{"start":{"line":437,"column":26},"end":{"line":437,"column":46}}},"47":{"name":"(anonymous_47)","line":439,"loc":{"start":{"line":439,"column":14},"end":{"line":439,"column":31}}},"48":{"name":"(anonymous_48)","line":445,"loc":{"start":{"line":445,"column":11},"end":{"line":445,"column":28}}},"49":{"name":"(anonymous_49)","line":460,"loc":{"start":{"line":460,"column":28},"end":{"line":460,"column":48}}},"50":{"name":"(anonymous_50)","line":462,"loc":{"start":{"line":462,"column":14},"end":{"line":462,"column":31}}},"51":{"name":"(anonymous_51)","line":464,"loc":{"start":{"line":464,"column":11},"end":{"line":464,"column":26}}}},"statementMap":{"1":{"start":{"line":4,"column":0},"end":{"line":4,"column":33}},"2":{"start":{"line":5,"column":0},"end":{"line":5,"column":30}},"3":{"start":{"line":6,"column":0},"end":{"line":6,"column":23}},"4":{"start":{"line":7,"column":0},"end":{"line":7,"column":43}},"5":{"start":{"line":8,"column":0},"end":{"line":8,"column":58}},"6":{"start":{"line":18,"column":0},"end":{"line":49,"column":3}},"7":{"start":{"line":19,"column":4},"end":{"line":48,"column":5}},"8":{"start":{"line":20,"column":8},"end":{"line":23,"column":9}},"9":{"start":{"line":22,"column":12},"end":{"line":22,"column":48}},"10":{"start":{"line":24,"column":8},"end":{"line":24,"column":70}},"11":{"start":{"line":26,"column":8},"end":{"line":26,"column":33}},"12":{"start":{"line":27,"column":8},"end":{"line":27,"column":75}},"13":{"start":{"line":28,"column":8},"end":{"line":28,"column":51}},"14":{"start":{"line":29,"column":8},"end":{"line":47,"column":15}},"15":{"start":{"line":32,"column":16},"end":{"line":34,"column":17}},"16":{"start":{"line":33,"column":20},"end":{"line":33,"column":56}},"17":{"start":{"line":36,"column":16},"end":{"line":36,"column":64}},"18":{"start":{"line":37,"column":16},"end":{"line":37,"column":102}},"19":{"start":{"line":40,"column":16},"end":{"line":40,"column":52}},"20":{"start":{"line":41,"column":16},"end":{"line":46,"column":17}},"21":{"start":{"line":43,"column":20},"end":{"line":44,"column":16}},"22":{"start":{"line":45,"column":20},"end":{"line":45,"column":48}},"23":{"start":{"line":57,"column":0},"end":{"line":68,"column":3}},"24":{"start":{"line":58,"column":4},"end":{"line":67,"column":11}},"25":{"start":{"line":60,"column":12},"end":{"line":64,"column":13}},"26":{"start":{"line":61,"column":16},"end":{"line":61,"column":38}},"27":{"start":{"line":63,"column":16},"end":{"line":63,"column":37}},"28":{"start":{"line":66,"column":12},"end":{"line":66,"column":40}},"29":{"start":{"line":77,"column":0},"end":{"line":92,"column":3}},"30":{"start":{"line":78,"column":4},"end":{"line":91,"column":11}},"31":{"start":{"line":80,"column":12},"end":{"line":84,"column":13}},"32":{"start":{"line":81,"column":16},"end":{"line":81,"column":35}},"33":{"start":{"line":83,"column":16},"end":{"line":83,"column":90}},"34":{"start":{"line":86,"column":12},"end":{"line":90,"column":13}},"35":{"start":{"line":87,"column":16},"end":{"line":87,"column":88}},"36":{"start":{"line":89,"column":16},"end":{"line":89,"column":44}},"37":{"start":{"line":103,"column":0},"end":{"line":118,"column":3}},"38":{"start":{"line":104,"column":4},"end":{"line":117,"column":11}},"39":{"start":{"line":106,"column":12},"end":{"line":110,"column":13}},"40":{"start":{"line":107,"column":16},"end":{"line":107,"column":38}},"41":{"start":{"line":109,"column":16},"end":{"line":109,"column":33}},"42":{"start":{"line":112,"column":12},"end":{"line":116,"column":13}},"43":{"start":{"line":113,"column":16},"end":{"line":113,"column":88}},"44":{"start":{"line":115,"column":16},"end":{"line":115,"column":44}},"45":{"start":{"line":127,"column":0},"end":{"line":155,"column":3}},"46":{"start":{"line":128,"column":4},"end":{"line":154,"column":5}},"47":{"start":{"line":129,"column":8},"end":{"line":132,"column":9}},"48":{"start":{"line":131,"column":12},"end":{"line":131,"column":48}},"49":{"start":{"line":133,"column":8},"end":{"line":133,"column":80}},"50":{"start":{"line":135,"column":8},"end":{"line":135,"column":33}},"51":{"start":{"line":136,"column":8},"end":{"line":136,"column":75}},"52":{"start":{"line":137,"column":8},"end":{"line":137,"column":51}},"53":{"start":{"line":138,"column":8},"end":{"line":138,"column":41}},"54":{"start":{"line":139,"column":8},"end":{"line":153,"column":15}},"55":{"start":{"line":142,"column":16},"end":{"line":142,"column":59}},"56":{"start":{"line":143,"column":16},"end":{"line":143,"column":98}},"57":{"start":{"line":146,"column":16},"end":{"line":146,"column":52}},"58":{"start":{"line":147,"column":16},"end":{"line":152,"column":17}},"59":{"start":{"line":149,"column":20},"end":{"line":150,"column":16}},"60":{"start":{"line":151,"column":20},"end":{"line":151,"column":48}},"61":{"start":{"line":163,"column":0},"end":{"line":174,"column":3}},"62":{"start":{"line":164,"column":4},"end":{"line":173,"column":11}},"63":{"start":{"line":166,"column":12},"end":{"line":170,"column":13}},"64":{"start":{"line":167,"column":16},"end":{"line":167,"column":38}},"65":{"start":{"line":169,"column":16},"end":{"line":169,"column":34}},"66":{"start":{"line":172,"column":12},"end":{"line":172,"column":40}},"67":{"start":{"line":183,"column":0},"end":{"line":198,"column":3}},"68":{"start":{"line":184,"column":4},"end":{"line":197,"column":11}},"69":{"start":{"line":186,"column":12},"end":{"line":190,"column":13}},"70":{"start":{"line":187,"column":16},"end":{"line":187,"column":33}},"71":{"start":{"line":189,"column":16},"end":{"line":189,"column":88}},"72":{"start":{"line":192,"column":12},"end":{"line":196,"column":13}},"73":{"start":{"line":193,"column":16},"end":{"line":193,"column":88}},"74":{"start":{"line":195,"column":16},"end":{"line":195,"column":44}},"75":{"start":{"line":217,"column":0},"end":{"line":232,"column":3}},"76":{"start":{"line":218,"column":4},"end":{"line":231,"column":11}},"77":{"start":{"line":220,"column":12},"end":{"line":224,"column":13}},"78":{"start":{"line":221,"column":16},"end":{"line":221,"column":38}},"79":{"start":{"line":223,"column":16},"end":{"line":223,"column":33}},"80":{"start":{"line":226,"column":12},"end":{"line":230,"column":13}},"81":{"start":{"line":227,"column":16},"end":{"line":227,"column":88}},"82":{"start":{"line":229,"column":16},"end":{"line":229,"column":44}},"83":{"start":{"line":243,"column":0},"end":{"line":258,"column":3}},"84":{"start":{"line":244,"column":4},"end":{"line":257,"column":11}},"85":{"start":{"line":246,"column":12},"end":{"line":250,"column":13}},"86":{"start":{"line":247,"column":16},"end":{"line":247,"column":38}},"87":{"start":{"line":249,"column":16},"end":{"line":249,"column":33}},"88":{"start":{"line":252,"column":12},"end":{"line":256,"column":13}},"89":{"start":{"line":253,"column":16},"end":{"line":253,"column":88}},"90":{"start":{"line":255,"column":16},"end":{"line":255,"column":44}},"91":{"start":{"line":268,"column":0},"end":{"line":299,"column":3}},"92":{"start":{"line":269,"column":4},"end":{"line":298,"column":5}},"93":{"start":{"line":270,"column":8},"end":{"line":273,"column":9}},"94":{"start":{"line":272,"column":12},"end":{"line":272,"column":48}},"95":{"start":{"line":274,"column":8},"end":{"line":274,"column":78}},"96":{"start":{"line":276,"column":8},"end":{"line":276,"column":33}},"97":{"start":{"line":277,"column":8},"end":{"line":277,"column":75}},"98":{"start":{"line":278,"column":8},"end":{"line":278,"column":51}},"99":{"start":{"line":279,"column":8},"end":{"line":279,"column":39}},"100":{"start":{"line":280,"column":8},"end":{"line":297,"column":15}},"101":{"start":{"line":283,"column":16},"end":{"line":283,"column":57}},"102":{"start":{"line":284,"column":16},"end":{"line":284,"column":96}},"103":{"start":{"line":287,"column":16},"end":{"line":287,"column":35}},"104":{"start":{"line":288,"column":16},"end":{"line":288,"column":52}},"105":{"start":{"line":289,"column":16},"end":{"line":296,"column":17}},"106":{"start":{"line":291,"column":20},"end":{"line":292,"column":16}},"107":{"start":{"line":292,"column":23},"end":{"line":296,"column":17}},"108":{"start":{"line":293,"column":20},"end":{"line":293,"column":79}},"109":{"start":{"line":295,"column":20},"end":{"line":295,"column":48}},"110":{"start":{"line":307,"column":0},"end":{"line":318,"column":3}},"111":{"start":{"line":308,"column":4},"end":{"line":317,"column":11}},"112":{"start":{"line":310,"column":12},"end":{"line":314,"column":13}},"113":{"start":{"line":311,"column":16},"end":{"line":311,"column":38}},"114":{"start":{"line":313,"column":16},"end":{"line":313,"column":33}},"115":{"start":{"line":316,"column":12},"end":{"line":316,"column":40}},"116":{"start":{"line":327,"column":0},"end":{"line":342,"column":3}},"117":{"start":{"line":328,"column":4},"end":{"line":341,"column":11}},"118":{"start":{"line":330,"column":12},"end":{"line":334,"column":13}},"119":{"start":{"line":331,"column":16},"end":{"line":331,"column":32}},"120":{"start":{"line":333,"column":16},"end":{"line":333,"column":87}},"121":{"start":{"line":336,"column":12},"end":{"line":340,"column":13}},"122":{"start":{"line":337,"column":16},"end":{"line":337,"column":88}},"123":{"start":{"line":339,"column":16},"end":{"line":339,"column":44}},"124":{"start":{"line":351,"column":0},"end":{"line":366,"column":3}},"125":{"start":{"line":352,"column":4},"end":{"line":365,"column":11}},"126":{"start":{"line":354,"column":12},"end":{"line":358,"column":13}},"127":{"start":{"line":355,"column":16},"end":{"line":355,"column":38}},"128":{"start":{"line":357,"column":16},"end":{"line":357,"column":33}},"129":{"start":{"line":360,"column":12},"end":{"line":364,"column":13}},"130":{"start":{"line":361,"column":16},"end":{"line":361,"column":88}},"131":{"start":{"line":363,"column":16},"end":{"line":363,"column":44}},"132":{"start":{"line":376,"column":0},"end":{"line":409,"column":3}},"133":{"start":{"line":377,"column":4},"end":{"line":408,"column":5}},"134":{"start":{"line":379,"column":8},"end":{"line":382,"column":9}},"135":{"start":{"line":381,"column":12},"end":{"line":381,"column":48}},"136":{"start":{"line":383,"column":8},"end":{"line":383,"column":121}},"137":{"start":{"line":385,"column":8},"end":{"line":385,"column":75}},"138":{"start":{"line":386,"column":8},"end":{"line":386,"column":51}},"139":{"start":{"line":387,"column":8},"end":{"line":387,"column":41}},"140":{"start":{"line":388,"column":8},"end":{"line":388,"column":47}},"141":{"start":{"line":389,"column":8},"end":{"line":389,"column":45}},"142":{"start":{"line":390,"column":8},"end":{"line":390,"column":37}},"143":{"start":{"line":391,"column":8},"end":{"line":391,"column":43}},"144":{"start":{"line":392,"column":8},"end":{"line":407,"column":15}},"145":{"start":{"line":395,"column":16},"end":{"line":395,"column":96}},"146":{"start":{"line":398,"column":16},"end":{"line":398,"column":52}},"147":{"start":{"line":399,"column":16},"end":{"line":406,"column":17}},"148":{"start":{"line":401,"column":20},"end":{"line":402,"column":16}},"149":{"start":{"line":402,"column":23},"end":{"line":406,"column":17}},"150":{"start":{"line":403,"column":20},"end":{"line":403,"column":115}},"151":{"start":{"line":405,"column":20},"end":{"line":405,"column":48}},"152":{"start":{"line":417,"column":0},"end":{"line":428,"column":3}},"153":{"start":{"line":418,"column":4},"end":{"line":427,"column":11}},"154":{"start":{"line":420,"column":12},"end":{"line":424,"column":13}},"155":{"start":{"line":421,"column":16},"end":{"line":421,"column":38}},"156":{"start":{"line":423,"column":16},"end":{"line":423,"column":33}},"157":{"start":{"line":426,"column":12},"end":{"line":426,"column":40}},"158":{"start":{"line":437,"column":0},"end":{"line":452,"column":3}},"159":{"start":{"line":438,"column":4},"end":{"line":451,"column":11}},"160":{"start":{"line":440,"column":12},"end":{"line":444,"column":13}},"161":{"start":{"line":441,"column":16},"end":{"line":441,"column":32}},"162":{"start":{"line":443,"column":16},"end":{"line":443,"column":87}},"163":{"start":{"line":446,"column":12},"end":{"line":450,"column":13}},"164":{"start":{"line":447,"column":16},"end":{"line":447,"column":88}},"165":{"start":{"line":449,"column":16},"end":{"line":449,"column":44}},"166":{"start":{"line":460,"column":0},"end":{"line":471,"column":3}},"167":{"start":{"line":461,"column":4},"end":{"line":470,"column":11}},"168":{"start":{"line":463,"column":12},"end":{"line":463,"column":37}},"169":{"start":{"line":465,"column":12},"end":{"line":469,"column":13}},"170":{"start":{"line":466,"column":16},"end":{"line":466,"column":42}},"171":{"start":{"line":468,"column":16},"end":{"line":468,"column":42}},"172":{"start":{"line":473,"column":0},"end":{"line":473,"column":24}}},"branchMap":{"1":{"line":19,"type":"if","locations":[{"start":{"line":19,"column":4},"end":{"line":19,"column":4}},{"start":{"line":19,"column":4},"end":{"line":19,"column":4}}]},"2":{"line":19,"type":"binary-expr","locations":[{"start":{"line":19,"column":8},"end":{"line":19,"column":24}},{"start":{"line":19,"column":28},"end":{"line":19,"column":42}}]},"3":{"line":20,"type":"if","locations":[{"start":{"line":20,"column":8},"end":{"line":20,"column":8}},{"start":{"line":20,"column":8},"end":{"line":20,"column":8}}]},"4":{"line":32,"type":"if","locations":[{"start":{"line":32,"column":16},"end":{"line":32,"column":16}},{"start":{"line":32,"column":16},"end":{"line":32,"column":16}}]},"5":{"line":41,"type":"if","locations":[{"start":{"line":41,"column":16},"end":{"line":41,"column":16}},{"start":{"line":41,"column":16},"end":{"line":41,"column":16}}]},"6":{"line":60,"type":"if","locations":[{"start":{"line":60,"column":12},"end":{"line":60,"column":12}},{"start":{"line":60,"column":12},"end":{"line":60,"column":12}}]},"7":{"line":80,"type":"if","locations":[{"start":{"line":80,"column":12},"end":{"line":80,"column":12}},{"start":{"line":80,"column":12},"end":{"line":80,"column":12}}]},"8":{"line":86,"type":"if","locations":[{"start":{"line":86,"column":12},"end":{"line":86,"column":12}},{"start":{"line":86,"column":12},"end":{"line":86,"column":12}}]},"9":{"line":106,"type":"if","locations":[{"start":{"line":106,"column":12},"end":{"line":106,"column":12}},{"start":{"line":106,"column":12},"end":{"line":106,"column":12}}]},"10":{"line":112,"type":"if","locations":[{"start":{"line":112,"column":12},"end":{"line":112,"column":12}},{"start":{"line":112,"column":12},"end":{"line":112,"column":12}}]},"11":{"line":128,"type":"if","locations":[{"start":{"line":128,"column":4},"end":{"line":128,"column":4}},{"start":{"line":128,"column":4},"end":{"line":128,"column":4}}]},"12":{"line":128,"type":"binary-expr","locations":[{"start":{"line":128,"column":8},"end":{"line":128,"column":24}},{"start":{"line":128,"column":28},"end":{"line":128,"column":42}},{"start":{"line":128,"column":46},"end":{"line":128,"column":64}}]},"13":{"line":129,"type":"if","locations":[{"start":{"line":129,"column":8},"end":{"line":129,"column":8}},{"start":{"line":129,"column":8},"end":{"line":129,"column":8}}]},"14":{"line":147,"type":"if","locations":[{"start":{"line":147,"column":16},"end":{"line":147,"column":16}},{"start":{"line":147,"column":16},"end":{"line":147,"column":16}}]},"15":{"line":166,"type":"if","locations":[{"start":{"line":166,"column":12},"end":{"line":166,"column":12}},{"start":{"line":166,"column":12},"end":{"line":166,"column":12}}]},"16":{"line":186,"type":"if","locations":[{"start":{"line":186,"column":12},"end":{"line":186,"column":12}},{"start":{"line":186,"column":12},"end":{"line":186,"column":12}}]},"17":{"line":192,"type":"if","locations":[{"start":{"line":192,"column":12},"end":{"line":192,"column":12}},{"start":{"line":192,"column":12},"end":{"line":192,"column":12}}]},"18":{"line":220,"type":"if","locations":[{"start":{"line":220,"column":12},"end":{"line":220,"column":12}},{"start":{"line":220,"column":12},"end":{"line":220,"column":12}}]},"19":{"line":226,"type":"if","locations":[{"start":{"line":226,"column":12},"end":{"line":226,"column":12}},{"start":{"line":226,"column":12},"end":{"line":226,"column":12}}]},"20":{"line":246,"type":"if","locations":[{"start":{"line":246,"column":12},"end":{"line":246,"column":12}},{"start":{"line":246,"column":12},"end":{"line":246,"column":12}}]},"21":{"line":252,"type":"if","locations":[{"start":{"line":252,"column":12},"end":{"line":252,"column":12}},{"start":{"line":252,"column":12},"end":{"line":252,"column":12}}]},"22":{"line":269,"type":"if","locations":[{"start":{"line":269,"column":4},"end":{"line":269,"column":4}},{"start":{"line":269,"column":4},"end":{"line":269,"column":4}}]},"23":{"line":269,"type":"binary-expr","locations":[{"start":{"line":269,"column":8},"end":{"line":269,"column":24}},{"start":{"line":269,"column":28},"end":{"line":269,"column":42}},{"start":{"line":269,"column":46},"end":{"line":269,"column":63}}]},"24":{"line":270,"type":"if","locations":[{"start":{"line":270,"column":8},"end":{"line":270,"column":8}},{"start":{"line":270,"column":8},"end":{"line":270,"column":8}}]},"25":{"line":289,"type":"if","locations":[{"start":{"line":289,"column":16},"end":{"line":289,"column":16}},{"start":{"line":289,"column":16},"end":{"line":289,"column":16}}]},"26":{"line":292,"type":"if","locations":[{"start":{"line":292,"column":23},"end":{"line":292,"column":23}},{"start":{"line":292,"column":23},"end":{"line":292,"column":23}}]},"27":{"line":310,"type":"if","locations":[{"start":{"line":310,"column":12},"end":{"line":310,"column":12}},{"start":{"line":310,"column":12},"end":{"line":310,"column":12}}]},"28":{"line":330,"type":"if","locations":[{"start":{"line":330,"column":12},"end":{"line":330,"column":12}},{"start":{"line":330,"column":12},"end":{"line":330,"column":12}}]},"29":{"line":336,"type":"if","locations":[{"start":{"line":336,"column":12},"end":{"line":336,"column":12}},{"start":{"line":336,"column":12},"end":{"line":336,"column":12}}]},"30":{"line":354,"type":"if","locations":[{"start":{"line":354,"column":12},"end":{"line":354,"column":12}},{"start":{"line":354,"column":12},"end":{"line":354,"column":12}}]},"31":{"line":360,"type":"if","locations":[{"start":{"line":360,"column":12},"end":{"line":360,"column":12}},{"start":{"line":360,"column":12},"end":{"line":360,"column":12}}]},"32":{"line":377,"type":"if","locations":[{"start":{"line":377,"column":4},"end":{"line":377,"column":4}},{"start":{"line":377,"column":4},"end":{"line":377,"column":4}}]},"33":{"line":377,"type":"binary-expr","locations":[{"start":{"line":377,"column":8},"end":{"line":377,"column":24}},{"start":{"line":377,"column":28},"end":{"line":377,"column":46}},{"start":{"line":377,"column":50},"end":{"line":377,"column":71}},{"start":{"line":378,"column":11},"end":{"line":378,"column":31}},{"start":{"line":378,"column":35},"end":{"line":378,"column":50}},{"start":{"line":378,"column":54},"end":{"line":378,"column":72}}]},"34":{"line":379,"type":"if","locations":[{"start":{"line":379,"column":8},"end":{"line":379,"column":8}},{"start":{"line":379,"column":8},"end":{"line":379,"column":8}}]},"35":{"line":399,"type":"if","locations":[{"start":{"line":399,"column":16},"end":{"line":399,"column":16}},{"start":{"line":399,"column":16},"end":{"line":399,"column":16}}]},"36":{"line":402,"type":"if","locations":[{"start":{"line":402,"column":23},"end":{"line":402,"column":23}},{"start":{"line":402,"column":23},"end":{"line":402,"column":23}}]},"37":{"line":403,"type":"binary-expr","locations":[{"start":{"line":403,"column":51},"end":{"line":403,"column":78}},{"start":{"line":403,"column":82},"end":{"line":403,"column":112}}]},"38":{"line":420,"type":"if","locations":[{"start":{"line":420,"column":12},"end":{"line":420,"column":12}},{"start":{"line":420,"column":12},"end":{"line":420,"column":12}}]},"39":{"line":440,"type":"if","locations":[{"start":{"line":440,"column":12},"end":{"line":440,"column":12}},{"start":{"line":440,"column":12},"end":{"line":440,"column":12}}]},"40":{"line":446,"type":"if","locations":[{"start":{"line":446,"column":12},"end":{"line":446,"column":12}},{"start":{"line":446,"column":12},"end":{"line":446,"column":12}}]},"41":{"line":465,"type":"if","locations":[{"start":{"line":465,"column":12},"end":{"line":465,"column":12}},{"start":{"line":465,"column":12},"end":{"line":465,"column":12}}]}}},"/Users/jakobgaardandersen/WebstormProjects/Tipflip/server/modules/imageValidator.js":{"path":"/Users/jakobgaardandersen/WebstormProjects/Tipflip/server/modules/imageValidator.js","s":{"1":1,"2":1,"3":4,"4":4,"5":4,"6":4,"7":1,"8":5,"9":4,"10":0,"11":0,"12":5},"b":{"1":[4,1],"2":[0,4]},"f":{"1":4,"2":5},"fnMap":{"1":{"name":"isImage","line":6,"loc":{"start":{"line":6,"column":0},"end":{"line":6,"column":23}}},"2":{"name":"(anonymous_2)","line":18,"loc":{"start":{"line":18,"column":17},"end":{"line":18,"column":43}}}},"statementMap":{"1":{"start":{"line":4,"column":0},"end":{"line":4,"column":23}},"2":{"start":{"line":6,"column":0},"end":{"line":13,"column":1}},"3":{"start":{"line":9,"column":4},"end":{"line":9,"column":49}},"4":{"start":{"line":10,"column":4},"end":{"line":10,"column":39}},"5":{"start":{"line":11,"column":4},"end":{"line":11,"column":51}},"6":{"start":{"line":12,"column":4},"end":{"line":12,"column":45}},"7":{"start":{"line":18,"column":0},"end":{"line":26,"column":2}},"8":{"start":{"line":19,"column":4},"end":{"line":24,"column":5}},"9":{"start":{"line":20,"column":8},"end":{"line":23,"column":9}},"10":{"start":{"line":21,"column":12},"end":{"line":21,"column":48}},"11":{"start":{"line":22,"column":12},"end":{"line":22,"column":76}},"12":{"start":{"line":25,"column":4},"end":{"line":25,"column":11}}},"branchMap":{"1":{"line":19,"type":"if","locations":[{"start":{"line":19,"column":4},"end":{"line":19,"column":4}},{"start":{"line":19,"column":4},"end":{"line":19,"column":4}}]},"2":{"line":20,"type":"if","locations":[{"start":{"line":20,"column":8},"end":{"line":20,"column":8}},{"start":{"line":20,"column":8},"end":{"line":20,"column":8}}]}}}}