TN:
SF:/Users/jakobgaardandersen/WebstormProjects/Tipflip/server/db/db.js
FN:14,(anonymous_1)
FN:18,(anonymous_2)
FN:23,(anonymous_3)
FN:27,(anonymous_4)
FN:31,(anonymous_5)
FN:32,(anonymous_6)
FN:39,deletePhoto
FN:52,(anonymous_8)
FN:57,(anonymous_9)
FN:76,(anonymous_10)
FN:81,(anonymous_11)
FN:99,(anonymous_12)
FN:105,(anonymous_13)
FN:128,(anonymous_14)
FNF:14
FNH:5
FNDA:1,(anonymous_1)
FNDA:0,(anonymous_2)
FNDA:0,(anonymous_3)
FNDA:0,(anonymous_4)
FNDA:0,(anonymous_5)
FNDA:0,(anonymous_6)
FNDA:2,deletePhoto
FNDA:0,(anonymous_8)
FNDA:0,(anonymous_9)
FNDA:1,(anonymous_10)
FNDA:1,(anonymous_11)
FNDA:0,(anonymous_12)
FNDA:0,(anonymous_13)
FNDA:1,(anonymous_14)
DA:4,1
DA:5,1
DA:6,1
DA:7,1
DA:8,1
DA:10,1
DA:12,1
DA:14,1
DA:15,1
DA:18,1
DA:19,0
DA:20,0
DA:23,1
DA:24,0
DA:27,1
DA:28,0
DA:31,1
DA:32,0
DA:33,0
DA:34,0
DA:39,1
DA:40,2
DA:41,0
DA:45,1
DA:52,1
DA:53,0
DA:54,0
DA:56,0
DA:58,0
DA:59,0
DA:60,0
DA:62,0
DA:64,0
DA:67,1
DA:69,1
DA:76,1
DA:77,1
DA:78,1
DA:80,1
DA:82,1
DA:83,1
DA:84,1
DA:86,1
DA:88,1
DA:91,1
DA:93,1
DA:99,1
DA:100,0
DA:101,0
DA:102,0
DA:104,0
DA:106,0
DA:107,0
DA:108,0
DA:111,0
DA:112,0
DA:115,1
DA:117,1
DA:128,1
DA:129,1
DA:130,1
DA:132,1
DA:133,1
DA:136,1
DA:138,1
DA:144,1
LF:66
LH:41
BRDA:10,1,0,1
BRDA:10,1,1,0
BRDA:40,2,0,0
BRDA:40,2,1,2
BRF:4
BRH:2
end_of_record
TN:
SF:/Users/jakobgaardandersen/WebstormProjects/Tipflip/server/db/datalayer.js
FN:16,createCategory
FN:25,(anonymous_2)
FN:39,getCategories
FN:46,getCategory
FN:55,deleteCategory
FN:59,(anonymous_6)
FN:61,(anonymous_7)
FN:71,(anonymous_8)
FN:81,getCategoryOffers
FN:89,createCenter
FN:99,(anonymous_11)
FN:113,getCenters
FN:120,getCenter
FN:128,deleteCenter
FN:132,(anonymous_15)
FN:134,(anonymous_16)
FN:144,(anonymous_17)
FN:154,getCenterStores
FN:161,getCenterOffers
FN:163,(anonymous_20)
FN:172,createStore
FN:182,(anonymous_22)
FN:196,getStores
FN:203,getStore
FN:211,deleteStore
FN:215,(anonymous_26)
FN:216,(anonymous_27)
FN:223,(anonymous_28)
FN:233,getStoreOffers
FN:241,createOffer
FN:255,(anonymous_31)
FN:269,getOffers
FN:276,getOffer
FN:284,deleteOffer
FN:288,(anonymous_35)
FN:289,(anonymous_36)
FN:296,(anonymous_37)
FN:306,getCount
FNF:38
FNH:19
FNDA:8,createCategory
FNDA:8,(anonymous_2)
FNDA:6,getCategories
FNDA:4,getCategory
FNDA:0,deleteCategory
FNDA:0,(anonymous_6)
FNDA:0,(anonymous_7)
FNDA:0,(anonymous_8)
FNDA:0,getCategoryOffers
FNDA:11,createCenter
FNDA:11,(anonymous_11)
FNDA:3,getCenters
FNDA:3,getCenter
FNDA:0,deleteCenter
FNDA:0,(anonymous_15)
FNDA:0,(anonymous_16)
FNDA:0,(anonymous_17)
FNDA:0,getCenterStores
FNDA:0,getCenterOffers
FNDA:0,(anonymous_20)
FNDA:7,createStore
FNDA:7,(anonymous_22)
FNDA:6,getStores
FNDA:4,getStore
FNDA:1,deleteStore
FNDA:1,(anonymous_26)
FNDA:1,(anonymous_27)
FNDA:0,(anonymous_28)
FNDA:0,getStoreOffers
FNDA:1,createOffer
FNDA:1,(anonymous_31)
FNDA:3,getOffers
FNDA:3,getOffer
FNDA:0,deleteOffer
FNDA:0,(anonymous_35)
FNDA:0,(anonymous_36)
FNDA:0,(anonymous_37)
FNDA:0,getCount
DA:4,1
DA:5,1
DA:6,1
DA:7,1
DA:8,1
DA:9,1
DA:10,1
DA:16,1
DA:17,8
DA:19,8
DA:25,8
DA:26,8
DA:27,6
DA:29,2
DA:33,8
DA:39,1
DA:40,6
DA:46,1
DA:47,4
DA:55,1
DA:56,0
DA:58,0
DA:60,0
DA:61,0
DA:62,0
DA:63,0
DA:65,0
DA:69,0
DA:72,0
DA:75,0
DA:81,1
DA:82,0
DA:89,1
DA:90,11
DA:92,11
DA:99,11
DA:100,11
DA:101,5
DA:103,6
DA:107,11
DA:113,1
DA:114,3
DA:120,1
DA:121,3
DA:128,1
DA:129,0
DA:131,0
DA:133,0
DA:134,0
DA:135,0
DA:136,0
DA:138,0
DA:142,0
DA:145,0
DA:148,0
DA:154,1
DA:155,0
DA:161,1
DA:162,0
DA:164,0
DA:172,1
DA:173,7
DA:175,7
DA:182,7
DA:183,7
DA:184,5
DA:186,2
DA:190,7
DA:196,1
DA:197,6
DA:203,1
DA:204,4
DA:211,1
DA:212,1
DA:214,1
DA:216,1
DA:217,1
DA:218,0
DA:220,1
DA:224,0
DA:227,1
DA:233,1
DA:234,0
DA:241,1
DA:242,1
DA:244,1
DA:255,1
DA:256,1
DA:257,0
DA:259,1
DA:263,1
DA:269,1
DA:270,3
DA:276,1
DA:277,3
DA:284,1
DA:285,0
DA:287,0
DA:289,0
DA:290,0
DA:291,0
DA:293,0
DA:297,0
DA:300,0
DA:306,1
DA:307,0
DA:309,0
DA:310,0
DA:312,0
DA:313,0
DA:315,0
DA:316,0
DA:318,0
DA:319,0
DA:321,0
DA:322,0
DA:323,0
DA:327,1
LF:118
LH:70
BRDA:20,1,0,7
BRDA:20,1,1,1
BRDA:26,2,0,6
BRDA:26,2,1,2
BRDA:60,3,0,0
BRDA:60,3,1,0
BRDA:62,4,0,0
BRDA:62,4,1,0
BRDA:93,5,0,10
BRDA:93,5,1,1
BRDA:100,6,0,5
BRDA:100,6,1,6
BRDA:133,7,0,0
BRDA:133,7,1,0
BRDA:135,8,0,0
BRDA:135,8,1,0
BRDA:176,9,0,6
BRDA:176,9,1,1
BRDA:183,10,0,5
BRDA:183,10,1,2
BRDA:217,11,0,0
BRDA:217,11,1,1
BRDA:256,12,0,0
BRDA:256,12,1,1
BRDA:290,13,0,0
BRDA:290,13,1,0
BRDA:307,14,0,0
BRDA:307,14,1,0
BRDA:307,14,2,0
BRDA:307,14,3,0
BRDA:307,14,4,0
BRF:31
BRH:14
end_of_record
TN:
SF:/Users/jakobgaardandersen/WebstormProjects/Tipflip/server/app.js
FN:43,(anonymous_1)
FN:51,(anonymous_2)
FN:62,(anonymous_3)
FN:73,(anonymous_4)
FNF:4
FNH:0
FNDA:0,(anonymous_1)
FNDA:0,(anonymous_2)
FNDA:0,(anonymous_3)
FNDA:0,(anonymous_4)
DA:1,1
DA:2,1
DA:3,1
DA:4,1
DA:5,1
DA:6,1
DA:7,1
DA:8,1
DA:11,1
DA:12,1
DA:14,1
DA:18,1
DA:19,1
DA:20,1
DA:29,1
DA:33,1
DA:34,1
DA:35,1
DA:36,1
DA:37,1
DA:38,1
DA:39,1
DA:41,1
DA:42,1
DA:43,0
DA:44,0
DA:45,0
DA:48,1
DA:51,1
DA:52,0
DA:53,0
DA:54,0
DA:61,1
DA:62,1
DA:63,0
DA:64,0
DA:73,1
DA:74,0
DA:75,0
DA:82,1
LF:40
LH:30
BRDA:42,1,0,0
BRDA:42,1,1,1
BRDA:61,2,0,1
BRDA:61,2,1,0
BRDA:63,3,0,0
BRDA:63,3,1,0
BRDA:74,4,0,0
BRDA:74,4,1,0
BRF:8
BRH:2
end_of_record
TN:
SF:/Users/jakobgaardandersen/WebstormProjects/Tipflip/server/routes/index.js
FN:5,(anonymous_1)
FNF:1
FNH:0
FNDA:0,(anonymous_1)
DA:1,1
DA:2,1
DA:5,1
DA:6,0
DA:9,1
LF:5
LH:4
BRF:0
BRH:0
end_of_record
TN:
SF:/Users/jakobgaardandersen/WebstormProjects/Tipflip/server/routes/restapi.js
FN:18,(anonymous_1)
FN:30,(anonymous_2)
FN:38,(anonymous_3)
FN:57,(anonymous_4)
FN:59,(anonymous_5)
FN:65,(anonymous_6)
FN:77,(anonymous_7)
FN:79,(anonymous_8)
FN:85,(anonymous_9)
FN:103,(anonymous_10)
FN:105,(anonymous_11)
FN:111,(anonymous_12)
FN:127,(anonymous_13)
FN:140,(anonymous_14)
FN:144,(anonymous_15)
FN:163,(anonymous_16)
FN:165,(anonymous_17)
FN:171,(anonymous_18)
FN:183,(anonymous_19)
FN:185,(anonymous_20)
FN:191,(anonymous_21)
FN:217,(anonymous_22)
FN:219,(anonymous_23)
FN:225,(anonymous_24)
FN:243,(anonymous_25)
FN:245,(anonymous_26)
FN:251,(anonymous_27)
FN:268,(anonymous_28)
FN:281,(anonymous_29)
FN:285,(anonymous_30)
FN:307,(anonymous_31)
FN:309,(anonymous_32)
FN:315,(anonymous_33)
FN:327,(anonymous_34)
FN:329,(anonymous_35)
FN:335,(anonymous_36)
FN:351,(anonymous_37)
FN:353,(anonymous_38)
FN:359,(anonymous_39)
FN:376,(anonymous_40)
FN:393,(anonymous_41)
FN:396,(anonymous_42)
FN:417,(anonymous_43)
FN:419,(anonymous_44)
FN:425,(anonymous_45)
FN:437,(anonymous_46)
FN:439,(anonymous_47)
FN:445,(anonymous_48)
FN:460,(anonymous_49)
FN:462,(anonymous_50)
FN:464,(anonymous_51)
FNF:51
FNH:13
FNDA:5,(anonymous_1)
FNDA:1,(anonymous_2)
FNDA:2,(anonymous_3)
FNDA:3,(anonymous_4)
FNDA:3,(anonymous_5)
FNDA:0,(anonymous_6)
FNDA:1,(anonymous_7)
FNDA:1,(anonymous_8)
FNDA:0,(anonymous_9)
FNDA:0,(anonymous_10)
FNDA:0,(anonymous_11)
FNDA:0,(anonymous_12)
FNDA:0,(anonymous_13)
FNDA:0,(anonymous_14)
FNDA:0,(anonymous_15)
FNDA:1,(anonymous_16)
FNDA:1,(anonymous_17)
FNDA:0,(anonymous_18)
FNDA:0,(anonymous_19)
FNDA:0,(anonymous_20)
FNDA:0,(anonymous_21)
FNDA:0,(anonymous_22)
FNDA:0,(anonymous_23)
FNDA:0,(anonymous_24)
FNDA:0,(anonymous_25)
FNDA:0,(anonymous_26)
FNDA:0,(anonymous_27)
FNDA:0,(anonymous_28)
FNDA:0,(anonymous_29)
FNDA:0,(anonymous_30)
FNDA:1,(anonymous_31)
FNDA:1,(anonymous_32)
FNDA:0,(anonymous_33)
FNDA:0,(anonymous_34)
FNDA:0,(anonymous_35)
FNDA:0,(anonymous_36)
FNDA:0,(anonymous_37)
FNDA:0,(anonymous_38)
FNDA:0,(anonymous_39)
FNDA:0,(anonymous_40)
FNDA:0,(anonymous_41)
FNDA:0,(anonymous_42)
FNDA:1,(anonymous_43)
FNDA:1,(anonymous_44)
FNDA:0,(anonymous_45)
FNDA:0,(anonymous_46)
FNDA:0,(anonymous_47)
FNDA:0,(anonymous_48)
FNDA:0,(anonymous_49)
FNDA:0,(anonymous_50)
FNDA:0,(anonymous_51)
DA:4,1
DA:5,1
DA:6,1
DA:7,1
DA:8,1
DA:18,1
DA:19,5
DA:20,2
DA:22,1
DA:24,2
DA:26,3
DA:27,3
DA:28,3
DA:29,3
DA:32,1
DA:33,1
DA:36,1
DA:37,1
DA:40,2
DA:41,2
DA:43,2
DA:45,0
DA:57,1
DA:58,3
DA:60,3
DA:61,1
DA:63,2
DA:66,0
DA:77,1
DA:78,1
DA:80,1
DA:81,1
DA:83,0
DA:86,0
DA:87,0
DA:89,0
DA:103,1
DA:104,0
DA:106,0
DA:107,0
DA:109,0
DA:112,0
DA:113,0
DA:115,0
DA:127,1
DA:128,0
DA:129,0
DA:131,0
DA:133,0
DA:135,0
DA:136,0
DA:137,0
DA:138,0
DA:139,0
DA:142,0
DA:143,0
DA:146,0
DA:147,0
DA:149,0
DA:151,0
DA:163,1
DA:164,1
DA:166,1
DA:167,0
DA:169,1
DA:172,0
DA:183,1
DA:184,0
DA:186,0
DA:187,0
DA:189,0
DA:192,0
DA:193,0
DA:195,0
DA:217,1
DA:218,0
DA:220,0
DA:221,0
DA:223,0
DA:226,0
DA:227,0
DA:229,0
DA:243,1
DA:244,0
DA:246,0
DA:247,0
DA:249,0
DA:252,0
DA:253,0
DA:255,0
DA:268,1
DA:269,0
DA:270,0
DA:272,0
DA:274,0
DA:276,0
DA:277,0
DA:278,0
DA:279,0
DA:280,0
DA:283,0
DA:284,0
DA:287,0
DA:288,0
DA:289,0
DA:291,0
DA:292,0
DA:293,0
DA:295,0
DA:307,1
DA:308,1
DA:310,1
DA:311,0
DA:313,1
DA:316,0
DA:327,1
DA:328,0
DA:330,0
DA:331,0
DA:333,0
DA:336,0
DA:337,0
DA:339,0
DA:351,1
DA:352,0
DA:354,0
DA:355,0
DA:357,0
DA:360,0
DA:361,0
DA:363,0
DA:376,1
DA:377,0
DA:379,0
DA:381,0
DA:383,0
DA:385,0
DA:386,0
DA:387,0
DA:388,0
DA:389,0
DA:390,0
DA:391,0
DA:392,0
DA:395,0
DA:398,0
DA:399,0
DA:401,0
DA:402,0
DA:403,0
DA:405,0
DA:417,1
DA:418,1
DA:420,1
DA:421,0
DA:423,1
DA:426,0
DA:437,1
DA:438,0
DA:440,0
DA:441,0
DA:443,0
DA:446,0
DA:447,0
DA:449,0
DA:460,1
DA:461,0
DA:463,0
DA:465,0
DA:466,0
DA:468,0
DA:473,1
LF:172
LH:54
BRDA:19,1,0,2
BRDA:19,1,1,3
BRDA:19,2,0,5
BRDA:19,2,1,4
BRDA:20,3,0,1
BRDA:20,3,1,1
BRDA:32,4,0,1
BRDA:32,4,1,0
BRDA:41,5,0,2
BRDA:41,5,1,0
BRDA:60,6,0,1
BRDA:60,6,1,2
BRDA:80,7,0,1
BRDA:80,7,1,0
BRDA:86,8,0,0
BRDA:86,8,1,0
BRDA:106,9,0,0
BRDA:106,9,1,0
BRDA:112,10,0,0
BRDA:112,10,1,0
BRDA:128,11,0,0
BRDA:128,11,1,0
BRDA:128,12,0,0
BRDA:128,12,1,0
BRDA:128,12,2,0
BRDA:129,13,0,0
BRDA:129,13,1,0
BRDA:147,14,0,0
BRDA:147,14,1,0
BRDA:166,15,0,0
BRDA:166,15,1,1
BRDA:186,16,0,0
BRDA:186,16,1,0
BRDA:192,17,0,0
BRDA:192,17,1,0
BRDA:220,18,0,0
BRDA:220,18,1,0
BRDA:226,19,0,0
BRDA:226,19,1,0
BRDA:246,20,0,0
BRDA:246,20,1,0
BRDA:252,21,0,0
BRDA:252,21,1,0
BRDA:269,22,0,0
BRDA:269,22,1,0
BRDA:269,23,0,0
BRDA:269,23,1,0
BRDA:269,23,2,0
BRDA:270,24,0,0
BRDA:270,24,1,0
BRDA:289,25,0,0
BRDA:289,25,1,0
BRDA:292,26,0,0
BRDA:292,26,1,0
BRDA:310,27,0,0
BRDA:310,27,1,1
BRDA:330,28,0,0
BRDA:330,28,1,0
BRDA:336,29,0,0
BRDA:336,29,1,0
BRDA:354,30,0,0
BRDA:354,30,1,0
BRDA:360,31,0,0
BRDA:360,31,1,0
BRDA:377,32,0,0
BRDA:377,32,1,0
BRDA:377,33,0,0
BRDA:377,33,1,0
BRDA:377,33,2,0
BRDA:377,33,3,0
BRDA:377,33,4,0
BRDA:377,33,5,0
BRDA:379,34,0,0
BRDA:379,34,1,0
BRDA:399,35,0,0
BRDA:399,35,1,0
BRDA:402,36,0,0
BRDA:402,36,1,0
BRDA:403,37,0,0
BRDA:403,37,1,0
BRDA:420,38,0,0
BRDA:420,38,1,1
BRDA:440,39,0,0
BRDA:440,39,1,0
BRDA:446,40,0,0
BRDA:446,40,1,0
BRDA:465,41,0,0
BRDA:465,41,1,0
BRF:88
BRH:14
end_of_record
TN:
SF:/Users/jakobgaardandersen/WebstormProjects/Tipflip/server/modules/imageValidator.js
FN:6,isImage
FN:18,(anonymous_2)
FNF:2
FNH:2
FNDA:4,isImage
FNDA:5,(anonymous_2)
DA:4,1
DA:6,1
DA:9,4
DA:10,4
DA:11,4
DA:12,4
DA:18,1
DA:19,5
DA:20,4
DA:21,0
DA:22,0
DA:25,5
LF:12
LH:10
BRDA:19,1,0,4
BRDA:19,1,1,1
BRDA:20,2,0,0
BRDA:20,2,1,4
BRF:4
BRH:3
end_of_record
